<?xml version="1.0" encoding="UTF-8"?>
<!-- Generated by org.testng.reporters.JUnitReportReporter -->
<testsuite skipped="0" hostname="PNL-1H883H2" name="com.rest.automation.LoginJira" tests="2" failures="0" timestamp="12 May 2020 19:15:51 GMT" time="36.014" errors="0">
  <testcase name="searchLocation" time="19.650" classname="com.rest.automation.LoginJira"/>
  <testcase name="createIssue" time="16.364" classname="com.rest.automation.LoginJira"/>
</testsuite> <!-- com.rest.automation.LoginJira -->
